Traceback (most recent call last):
  File "PIV_MPI_cluster.py", line 55, in <module>
Traceback (most recent call last):
  File "PIV_MPI_cluster.py", line 55, in <module>
Traceback (most recent call last):
  File "PIV_MPI_cluster.py", line 55, in <module>
Traceback (most recent call last):
  File "PIV_MPI_cluster.py", line 55, in <module>
Traceback (most recent call last):
  File "PIV_MPI_cluster.py", line 55, in <module>
Traceback (most recent call last):
  File "PIV_MPI_cluster.py", line 55, in <module>
Traceback (most recent call last):
  File "PIV_MPI_cluster.py", line 55, in <module>
Traceback (most recent call last):
  File "PIV_MPI_cluster.py", line 55, in <module>
Traceback (most recent call last):
  File "PIV_MPI_cluster.py", line 55, in <module>
Traceback (most recent call last):
  File "PIV_MPI_cluster.py", line 55, in <module>
Traceback (most recent call last):
  File "PIV_MPI_cluster.py", line 55, in <module>
Traceback (most recent call last):
  File "PIV_MPI_cluster.py", line 55, in <module>
Traceback (most recent call last):
  File "PIV_MPI_cluster.py", line 55, in <module>
Traceback (most recent call last):
  File "PIV_MPI_cluster.py", line 55, in <module>
Traceback (most recent call last):
  File "PIV_MPI_cluster.py", line 55, in <module>
    tif_files = [f for f in os.listdir(vidpath) if f.endswith('.tif')]
OSError: [Errno 2] No such file or directory: ' '
Traceback (most recent call last):
  File "PIV_MPI_cluster.py", line 55, in <module>
Traceback (most recent call last):
  File "PIV_MPI_cluster.py", line 55, in <module>
    tif_files = [f for f in os.listdir(vidpath) if f.endswith('.tif')]
OSError: [Errno 2] No such file or directory: ' '
Traceback (most recent call last):
  File "PIV_MPI_cluster.py", line 55, in <module>
Traceback (most recent call last):
  File "PIV_MPI_cluster.py", line 55, in <module>
Traceback (most recent call last):
  File "PIV_MPI_cluster.py", line 55, in <module>
Traceback (most recent call last):
  File "PIV_MPI_cluster.py", line 55, in <module>
Traceback (most recent call last):
  File "PIV_MPI_cluster.py", line 55, in <module>
Traceback (most recent call last):
  File "PIV_MPI_cluster.py", line 55, in <module>
Traceback (most recent call last):
  File "PIV_MPI_cluster.py", line 55, in <module>
Traceback (most recent call last):
  File "PIV_MPI_cluster.py", line 55, in <module>
Traceback (most recent call last):
  File "PIV_MPI_cluster.py", line 55, in <module>
Traceback (most recent call last):
  File "PIV_MPI_cluster.py", line 55, in <module>
Traceback (most recent call last):
  File "PIV_MPI_cluster.py", line 55, in <module>
Traceback (most recent call last):
  File "PIV_MPI_cluster.py", line 55, in <module>
Traceback (most recent call last):
  File "PIV_MPI_cluster.py", line 55, in <module>
Traceback (most recent call last):
  File "PIV_MPI_cluster.py", line 55, in <module>
Traceback (most recent call last):
  File "PIV_MPI_cluster.py", line 55, in <module>
    tif_files = [f for f in os.listdir(vidpath) if f.endswith('.tif')]
OSError: [Errno 2] No such file or directory: ' '
Traceback (most recent call last):
  File "PIV_MPI_cluster.py", line 55, in <module>
Traceback (most recent call last):
  File "PIV_MPI_cluster.py", line 55, in <module>
Traceback (most recent call last):
  File "PIV_MPI_cluster.py", line 55, in <module>
Traceback (most recent call last):
  File "PIV_MPI_cluster.py", line 55, in <module>
Traceback (most recent call last):
  File "PIV_MPI_cluster.py", line 55, in <module>
Traceback (most recent call last):
  File "PIV_MPI_cluster.py", line 55, in <module>
    Traceback (most recent call last):
  File "PIV_MPI_cluster.py", line 55, in <module>
Traceback (most recent call last):
  File "PIV_MPI_cluster.py", line 55, in <module>
tif_files = [f for f in os.listdir(vidpath) if f.endswith('.tif')]
    tif_files = [f for f in os.listdir(vidpath) if f.endswith('.tif')]
Traceback (most recent call last):
  File "PIV_MPI_cluster.py", line 55, in <module>
OSError: [Errno 2] No such file or directory: ' '
Traceback (most recent call last):
  File "PIV_MPI_cluster.py", line 55, in <module>
Traceback (most recent call last):
  File "PIV_MPI_cluster.py", line 55, in <module>
OSErrorTraceback (most recent call last):
  File "PIV_MPI_cluster.py", line 55, in <module>
Traceback (most recent call last):
  File "PIV_MPI_cluster.py", line 55, in <module>
Traceback (most recent call last):
  File "PIV_MPI_cluster.py", line 55, in <module>
Traceback (most recent call last):
  File "PIV_MPI_cluster.py", line 55, in <module>
Traceback (most recent call last):
  File "PIV_MPI_cluster.py", line 55, in <module>
Traceback (most recent call last):
  File "PIV_MPI_cluster.py", line 55, in <module>
:     tif_files = [f for f in os.listdir(vidpath) if f.endswith('.tif')]
OSErrorTraceback (most recent call last):
  File "PIV_MPI_cluster.py", line 55, in <module>
: [Errno 2] No such file or directory: ' '
Traceback (most recent call last):
  File "PIV_MPI_cluster.py", line 55, in <module>
Traceback (most recent call last):
  File "PIV_MPI_cluster.py", line 55, in <module>
Traceback (most recent call last):
  File "PIV_MPI_cluster.py", line 55, in <module>
Traceback (most recent call last):
  File "PIV_MPI_cluster.py", line 55, in <module>
Traceback (most recent call last):
  File "PIV_MPI_cluster.py", line 55, in <module>
Traceback (most recent call last):
  File "PIV_MPI_cluster.py", line 55, in <module>
Traceback (most recent call last):
  File "PIV_MPI_cluster.py", line 55, in <module>
Traceback (most recent call last):
  File "PIV_MPI_cluster.py", line 55, in <module>
Traceback (most recent call last):
  File "PIV_MPI_cluster.py", line 55, in <module>
Traceback (most recent call last):
  File "PIV_MPI_cluster.py", line 55, in <module>
Traceback (most recent call last):
  File "PIV_MPI_cluster.py", line 55, in <module>
Traceback (most recent call last):
  File "PIV_MPI_cluster.py", line 55, in <module>
Traceback (most recent call last):
  File "PIV_MPI_cluster.py", line 55, in <module>
Traceback (most recent call last):
  File "PIV_MPI_cluster.py", line 55, in <module>
Traceback (most recent call last):
  File "PIV_MPI_cluster.py", line 55, in <module>
Traceback (most recent call last):
  File "PIV_MPI_cluster.py", line 55, in <module>
Traceback (most recent call last):
  File "PIV_MPI_cluster.py", line 55, in <module>
Traceback (most recent call last):
  File "PIV_MPI_cluster.py", line 55, in <module>
Traceback (most recent call last):
  File "PIV_MPI_cluster.py", line 55, in <module>
Traceback (most recent call last):
  File "PIV_MPI_cluster.py", line 55, in <module>
Traceback (most recent call last):
  File "PIV_MPI_cluster.py", line 55, in <module>
    tif_files = [f for f in os.listdir(vidpath) if f.endswith('.tif')]
OSError: Traceback (most recent call last):
  File "PIV_MPI_cluster.py", line 55, in <module>
Traceback (most recent call last):
  File "PIV_MPI_cluster.py", line 55, in <module>
[Errno 2] No such file or directory: ' '
Traceback (most recent call last):
  File "PIV_MPI_cluster.py", line 55, in <module>
Traceback (most recent call last):
  File "PIV_MPI_cluster.py", line 55, in <module>
Traceback (most recent call last):
  File "PIV_MPI_cluster.py", line 55, in <module>
Traceback (most recent call last):
  File "PIV_MPI_cluster.py", line 55, in <module>
[Errno 2] No such file or directory: ' 'Traceback (most recent call last):
  File "PIV_MPI_cluster.py", line 55, in <module>

Traceback (most recent call last):
  File "PIV_MPI_cluster.py", line 55, in <module>
Traceback (most recent call last):
  File "PIV_MPI_cluster.py", line 55, in <module>
Traceback (most recent call last):
  File "PIV_MPI_cluster.py", line 55, in <module>
Traceback (most recent call last):
  File "PIV_MPI_cluster.py", line 55, in <module>
Traceback (most recent call last):
  File "PIV_MPI_cluster.py", line 55, in <module>
Traceback (most recent call last):
  File "PIV_MPI_cluster.py", line 55, in <module>
Traceback (most recent call last):
  File "PIV_MPI_cluster.py", line 55, in <module>
Traceback (most recent call last):
  File "PIV_MPI_cluster.py", line 55, in <module>
Traceback (most recent call last):
  File "PIV_MPI_cluster.py", line 55, in <module>
    tif_files = [f for f in os.listdir(vidpath) if f.endswith('.tif')]
OSError: Traceback (most recent call last):
  File "PIV_MPI_cluster.py", line 55, in <module>
Traceback (most recent call last):
  File "PIV_MPI_cluster.py", line 55, in <module>
    tif_files = [f for f in os.listdir(vidpath) if f.endswith('.tif')]
OSError: [Errno 2] No such file or directory: ' '
Traceback (most recent call last):
  File "PIV_MPI_cluster.py", line 55, in <module>
    tif_files = [f for f in os.listdir(vidpath) if f.endswith('.tif')]
OSError    tif_files = [f for f in os.listdir(vidpath) if f.endswith('.tif')]
OSError: [Errno 2] No such file or directory: ' '
[Errno 2] No such file or directory: ' '
    tif_files = [f for f in os.listdir(vidpath) if f.endswith('.tif')]
OSError: [Errno 2] No such file or directory: ' '
: [Errno 2] No such file or directory: ' '
    tif_files = [f for f in os.listdir(vidpath) if f.endswith('.tif')]
OSError: [Errno 2] No such file or directory: ' '
    tif_files = [f for f in os.listdir(vidpath) if f.endswith('.tif')]
OSError: [Errno 2] No such file or directory: ' '
    tif_files = [f for f in os.listdir(vidpath) if f.endswith('.tif')]
OSError: [Errno 2] No such file or directory: ' '
    tif_files = [f for f in os.listdir(vidpath) if f.endswith('.tif')]
OSError: [Errno 2] No such file or directory: ' '
    tif_files = [f for f in os.listdir(vidpath) if f.endswith('.tif')]
OSError: [Errno 2] No such file or directory: ' '
    tif_files = [f for f in os.listdir(vidpath) if f.endswith('.tif')]
OSError: [Errno 2] No such file or directory: ' '
    tif_files = [f for f in os.listdir(vidpath) if f.endswith('.tif')]
OSError: [Errno 2] No such file or directory: ' '
    tif_files = [f for f in os.listdir(vidpath) if f.endswith('.tif')]
OSError: [Errno 2] No such file or directory: ' '
    tif_files = [f for f in os.listdir(vidpath) if f.endswith('.tif')]
    tif_files = [f for f in os.listdir(vidpath) if f.endswith('.tif')]
OSError: [Errno 2] No such file or directory: ' '
    tif_files = [f for f in os.listdir(vidpath) if f.endswith('.tif')]
OSError: [Errno 2] No such file or directory: ' '
    tif_files = [f for f in os.listdir(vidpath) if f.endswith('.tif')]
OSError: [Errno 2] No such file or directory: ' '
    tif_files = [f for f in os.listdir(vidpath) if f.endswith('.tif')]
OSError: [Errno 2] No such file or directory: ' '
    tif_files = [f for f in os.listdir(vidpath) if f.endswith('.tif')]
OSError: [Errno 2] No such file or directory: ' '
    tif_files = [f for f in os.listdir(vidpath) if f.endswith('.tif')]
OSError: [Errno 2] No such file or directory: ' '
OSError: [Errno 2] No such file or directory: ' '
    tif_files = [f for f in os.listdir(vidpath) if f.endswith('.tif')]
OSError: [Errno 2] No such file or directory: ' '
    tif_files = [f for f in os.listdir(vidpath) if f.endswith('.tif')]
OSError: [Errno 2] No such file or directory: ' '
    tif_files = [f for f in os.listdir(vidpath) if f.endswith('.tif')]
OSError: [Errno 2] No such file or directory: ' '
    tif_files = [f for f in os.listdir(vidpath) if f.endswith('.tif')]
OSError: [Errno 2] No such file or directory: ' '
    tif_files = [f for f in os.listdir(vidpath) if f.endswith('.tif')]
OSError: [Errno 2] No such file or directory: ' '
    tif_files = [f for f in os.listdir(vidpath) if f.endswith('.tif')]
OSError: [Errno 2] No such file or directory: ' '
    tif_files = [f for f in os.listdir(vidpath) if f.endswith('.tif')]
OSError: [Errno 2] No such file or directory: ' '
    tif_files = [f for f in os.listdir(vidpath) if f.endswith('.tif')]
OSError: [Errno 2] No such file or directory: ' '
    tif_files = [f for f in os.listdir(vidpath) if f.endswith('.tif')]
OSError: [Errno 2] No such file or directory: ' '
    tif_files = [f for f in os.listdir(vidpath) if f.endswith('.tif')]
OSError: [Errno 2] No such file or directory: ' '
        tif_files = [f for f in os.listdir(vidpath) if f.endswith('.tif')]
OSError: [Errno 2] No such file or directory: ' '
    tif_files = [f for f in os.listdir(vidpath) if f.endswith('.tif')]
OSError: [Errno 2] No such file or directory: ' '
    tif_files = [f for f in os.listdir(vidpath) if f.endswith('.tif')]
OSError: [Errno 2] No such file or directory: ' '
    tif_files = [f for f in os.listdir(vidpath) if f.endswith('.tif')]
OSError: [Errno 2] No such file or directory: ' '
    tif_files = [f for f in os.listdir(vidpath) if f.endswith('.tif')]
OSError: [Errno 2] No such file or directory: ' '
    tif_files = [f for f in os.listdir(vidpath) if f.endswith('.tif')]
OSError: [Errno 2] No such file or directory: ' '
    tif_files = [f for f in os.listdir(vidpath) if f.endswith('.tif')]
OSError: [Errno 2] No such file or directory: ' '    tif_files = [f for f in os.listdir(vidpath) if f.endswith('.tif')]
OSError: [Errno 2] No such file or directory: ' '
    tif_files = [f for f in os.listdir(vidpath) if f.endswith('.tif')]
OSError: [Errno 2] No such file or directory: ' '
    tif_files = [f for f in os.listdir(vidpath) if f.endswith('.tif')]
OSError: [Errno 2] No such file or directory: ' '
    tif_files = [f for f in os.listdir(vidpath) if f.endswith('.tif')]
OSError: [Errno 2] No such file or directory: ' '

    tif_files = [f for f in os.listdir(vidpath) if f.endswith('.tif')]
OSError: [Errno 2] No such file or directory: ' '
    tif_files = [f for f in os.listdir(vidpath) if f.endswith('.tif')]
OSError: [Errno 2] No such file or directory: ' '
    tif_files = [f for f in os.listdir(vidpath) if f.endswith('.tif')]
OSError: [Errno 2] No such file or directory: ' '
    tif_files = [f for f in os.listdir(vidpath) if f.endswith('.tif')]
OSError: [Errno 2] No such file or directory: ' '
    tif_files = [f for f in os.listdir(vidpath) if f.endswith('.tif')]
    tif_files = [f for f in os.listdir(vidpath) if f.endswith('.tif')]
    tif_files = [f for f in os.listdir(vidpath) if f.endswith('.tif')]
OSError: [Errno 2] No such file or directory: ' '
OSError: [Errno 2] No such file or directory: ' '
    tif_files = [f for f in os.listdir(vidpath) if f.endswith('.tif')]
OSError: [Errno 2] No such file or directory: ' '
OSError: [Errno 2] No such file or directory: ' '
    tif_files = [f for f in os.listdir(vidpath) if f.endswith('.tif')]
OSError: [Errno 2] No such file or directory: ' '
    tif_files = [f for f in os.listdir(vidpath) if f.endswith('.tif')]
OSError: [Errno 2] No such file or directory: ' '
    tif_files = [f for f in os.listdir(vidpath) if f.endswith('.tif')]
OSError: [Errno 2] No such file or directory: ' '
    tif_files = [f for f in os.listdir(vidpath) if f.endswith('.tif')]
OSError: [Errno 2] No such file or directory: ' '
    tif_files = [f for f in os.listdir(vidpath) if f.endswith('.tif')]
OSError: [Errno 2] No such file or directory: ' '
    tif_files = [f for f in os.listdir(vidpath) if f.endswith('.tif')]
OSError: [Errno 2] No such file or directory: ' '
    tif_files = [f for f in os.listdir(vidpath) if f.endswith('.tif')]
OSError: [Errno 2] No such file or directory: ' '
    tif_files = [f for f in os.listdir(vidpath) if f.endswith('.tif')]
OSError: [Errno 2] No such file or directory: ' '
    tif_files = [f for f in os.listdir(vidpath) if f.endswith('.tif')]
OSError: [Errno 2] No such file or directory: ' '
    tif_files = [f for f in os.listdir(vidpath) if f.endswith('.tif')]
OSError: [Errno 2] No such file or directory: ' '
    tif_files = [f for f in os.listdir(vidpath) if f.endswith('.tif')]
OSError: [Errno 2] No such file or directory: ' '
    tif_files = [f for f in os.listdir(vidpath) if f.endswith('.tif')]
OSError: [Errno 2] No such file or directory: ' '
    tif_files = [f for f in os.listdir(vidpath) if f.endswith('.tif')]
OSError: [Errno 2] No such file or directory: ' '
    tif_files = [f for f in os.listdir(vidpath) if f.endswith('.tif')]
OSError: [Errno 2] No such file or directory: ' '
    tif_files = [f for f in os.listdir(vidpath) if f.endswith('.tif')]
    tif_files = [f for f in os.listdir(vidpath) if f.endswith('.tif')]
    tif_files = [f for f in os.listdir(vidpath) if f.endswith('.tif')]
OSError: [Errno 2] No such file or directory: ' '
OSError: [Errno 2] No such file or directory: ' '
    tif_files = [f for f in os.listdir(vidpath) if f.endswith('.tif')]
OSError: [Errno 2] No such file or directory: ' '
    tif_files = [f for f in os.listdir(vidpath) if f.endswith('.tif')]
OSError: [Errno 2] No such file or directory: ' '
    tif_files = [f for f in os.listdir(vidpath) if f.endswith('.tif')]
    tif_files = [f for f in os.listdir(vidpath) if f.endswith('.tif')]
OSError: [Errno 2] No such file or directory: ' '
OSError: [Errno 2] No such file or directory: ' '
OSError: [Errno 2] No such file or directory: ' '
    tif_files = [f for f in os.listdir(vidpath) if f.endswith('.tif')]
OSError: [Errno 2] No such file or directory: ' '
    tif_files = [f for f in os.listdir(vidpath) if f.endswith('.tif')]
OSError: [Errno 2] No such file or directory: ' '
    tif_files = [f for f in os.listdir(vidpath) if f.endswith('.tif')]
OSError: [Errno 2] No such file or directory: ' '
    tif_files = [f for f in os.listdir(vidpath) if f.endswith('.tif')]
OSError: [Errno 2] No such file or directory: ' '
    tif_files = [f for f in os.listdir(vidpath) if f.endswith('.tif')]
OSError: [Errno 2] No such file or directory: ' '
    tif_files = [f for f in os.listdir(vidpath) if f.endswith('.tif')]
OSError: [Errno 2] No such file or directory: ' '
    tif_files = [f for f in os.listdir(vidpath) if f.endswith('.tif')]
OSError: [Errno 2] No such file or directory: ' '
    tif_files = [f for f in os.listdir(vidpath) if f.endswith('.tif')]
OSError: [Errno 2] No such file or directory: ' '
    tif_files = [f for f in os.listdir(vidpath) if f.endswith('.tif')]
OSError: [Errno 2] No such file or directory: ' '
    tif_files = [f for f in os.listdir(vidpath) if f.endswith('.tif')]
OSError: [Errno 2] No such file or directory: ' '
tif_files = [f for f in os.listdir(vidpath) if f.endswith('.tif')]
OSError: [Errno 2] No such file or directory: ' '
Traceback (most recent call last):
  File "PIV_MPI_cluster.py", line 55, in <module>
    tif_files = [f for f in os.listdir(vidpath) if f.endswith('.tif')]
OSError: [Errno 2] No such file or directory: ' '
Traceback (most recent call last):
  File "PIV_MPI_cluster.py", line 55, in <module>
    tif_files = [f for f in os.listdir(vidpath) if f.endswith('.tif')]
OSError: [Errno 2] No such file or directory: ' '
Traceback (most recent call last):
  File "PIV_MPI_cluster.py", line 55, in <module>
    tif_files = [f for f in os.listdir(vidpath) if f.endswith('.tif')]
OSError: [Errno 2] No such file or directory: ' '
Traceback (most recent call last):
  File "PIV_MPI_cluster.py", line 55, in <module>
    tif_files = [f for f in os.listdir(vidpath) if f.endswith('.tif')]
OSError: [Errno 2] No such file or directory: ' '
    tif_files = [f for f in os.listdir(vidpath) if f.endswith('.tif')]
OSError: [Errno 2] No such file or directory: ' '
Traceback (most recent call last):
  File "PIV_MPI_cluster.py", line 55, in <module>
Traceback (most recent call last):
  File "PIV_MPI_cluster.py", line 55, in <module>
Traceback (most recent call last):
  File "PIV_MPI_cluster.py", line 55, in <module>
Traceback (most recent call last):
  File "PIV_MPI_cluster.py", line 55, in <module>
Traceback (most recent call last):
  File "PIV_MPI_cluster.py", line 55, in <module>
Traceback (most recent call last):
  File "PIV_MPI_cluster.py", line 55, in <module>
Traceback (most recent call last):
  File "PIV_MPI_cluster.py", line 55, in <module>
Traceback (most recent call last):
  File "PIV_MPI_cluster.py", line 55, in <module>
Traceback (most recent call last):
  File "PIV_MPI_cluster.py", line 55, in <module>
Traceback (most recent call last):
  File "PIV_MPI_cluster.py", line 55, in <module>
Traceback (most recent call last):
  File "PIV_MPI_cluster.py", line 55, in <module>
Traceback (most recent call last):
  File "PIV_MPI_cluster.py", line 55, in <module>
Traceback (most recent call last):
  File "PIV_MPI_cluster.py", line 55, in <module>
    tif_files = [f for f in os.listdir(vidpath) if f.endswith('.tif')]
OSError: [Errno 2] No such file or directory: ' '
    tif_files = [f for f in os.listdir(vidpath) if f.endswith('.tif')]
OSError: [Errno 2] No such file or directory: ' '
    tif_files = [f for f in os.listdir(vidpath) if f.endswith('.tif')]
OSError: [Errno 2] No such file or directory: ' '
    tif_files = [f for f in os.listdir(vidpath) if f.endswith('.tif')]
OSError: [Errno 2] No such file or directory: ' '
    tif_files = [f for f in os.listdir(vidpath) if f.endswith('.tif')]
OSError: [Errno 2] No such file or directory: ' '
    tif_files = [f for f in os.listdir(vidpath) if f.endswith('.tif')]
OSError: [Errno 2] No such file or directory: ' '
    tif_files = [f for f in os.listdir(vidpath) if f.endswith('.tif')]
OSError: [Errno 2] No such file or directory: ' '
    tif_files = [f for f in os.listdir(vidpath) if f.endswith('.tif')]
OSError: [Errno 2] No such file or directory: ' '
    tif_files = [f for f in os.listdir(vidpath) if f.endswith('.tif')]
OSError: [Errno 2] No such file or directory: ' '
    tif_files = [f for f in os.listdir(vidpath) if f.endswith('.tif')]
OSError: [Errno 2] No such file or directory: ' '
    tif_files = [f for f in os.listdir(vidpath) if f.endswith('.tif')]
OSError: [Errno 2] No such file or directory: ' '
    tif_files = [f for f in os.listdir(vidpath) if f.endswith('.tif')]
OSError: [Errno 2] No such file or directory: ' '
    tif_files = [f for f in os.listdir(vidpath) if f.endswith('.tif')]
OSError: [Errno 2] No such file or directory: ' '
    tif_files = [f for f in os.listdir(vidpath) if f.endswith('.tif')]
OSError: [Errno 2] No such file or directory: ' '
Traceback (most recent call last):
  File "PIV_MPI_cluster.py", line 55, in <module>
Traceback (most recent call last):
  File "PIV_MPI_cluster.py", line 55, in <module>
Traceback (most recent call last):
  File "PIV_MPI_cluster.py", line 55, in <module>
Traceback (most recent call last):
  File "PIV_MPI_cluster.py", line 55, in <module>
Traceback (most recent call last):
  File "PIV_MPI_cluster.py", line 55, in <module>
Traceback (most recent call last):
  File "PIV_MPI_cluster.py", line 55, in <module>
    tif_files = [f for f in os.listdir(vidpath) if f.endswith('.tif')]
OSError: [Errno 2] No such file or directory: ' '
    tif_files = [f for f in os.listdir(vidpath) if f.endswith('.tif')]
OSError: [Errno 2] No such file or directory: ' '
    tif_files = [f for f in os.listdir(vidpath) if f.endswith('.tif')]
OSError: [Errno 2] No such file or directory: ' '
    tif_files = [f for f in os.listdir(vidpath) if f.endswith('.tif')]
OSError: [Errno 2] No such file or directory: ' '
    tif_files = [f for f in os.listdir(vidpath) if f.endswith('.tif')]
    tif_files = [f for f in os.listdir(vidpath) if f.endswith('.tif')]
OSError: [Errno 2] No such file or directory: ' '
OSError: [Errno 2] No such file or directory: ' '
Traceback (most recent call last):
  File "PIV_MPI_cluster.py", line 55, in <module>
Traceback (most recent call last):
  File "PIV_MPI_cluster.py", line 55, in <module>
Traceback (most recent call last):
  File "PIV_MPI_cluster.py", line 55, in <module>
Traceback (most recent call last):
Traceback (most recent call last):
  File "PIV_MPI_cluster.py", line 55, in <module>
Traceback (most recent call last):
  File "PIV_MPI_cluster.py", line 55, in <module>
  File "PIV_MPI_cluster.py", line 55, in <module>
    tif_files = [f for f in os.listdir(vidpath) if f.endswith('.tif')]
OSError: [Errno 2] No such file or directory: ' '
    tif_files = [f for f in os.listdir(vidpath) if f.endswith('.tif')]
OSErrorTraceback (most recent call last):
  File "PIV_MPI_cluster.py", line 55, in <module>
: [Errno 2] No such file or directory: ' '
Traceback (most recent call last):
  File "PIV_MPI_cluster.py", line 55, in <module>
    tif_files = [f for f in os.listdir(vidpath) if f.endswith('.tif')]
OSError: [Errno 2] No such file or directory: ' '
    tif_files = [f for f in os.listdir(vidpath) if f.endswith('.tif')]
OSError: [Errno 2] No such file or directory: ' '
    tif_files = [f for f in os.listdir(vidpath) if f.endswith('.tif')]
OSError: [Errno 2] No such file or directory: ' '
    tif_files = [f for f in os.listdir(vidpath) if f.endswith('.tif')]
OSError: [Errno 2] No such file or directory: ' '
    tif_files = [f for f in os.listdir(vidpath) if f.endswith('.tif')]
OSError: [Errno 2] No such file or directory: ' '
    tif_files = [f for f in os.listdir(vidpath) if f.endswith('.tif')]
OSError: [Errno 2] No such file or directory: ' '
-------------------------------------------------------
Primary job  terminated normally, but 1 process returned
a non-zero exit code.. Per user-direction, the job has been aborted.
-------------------------------------------------------
Traceback (most recent call last):
  File "PIV_MPI_cluster.py", line 55, in <module>
Traceback (most recent call last):
  File "PIV_MPI_cluster.py", line 55, in <module>
Traceback (most recent call last):
  File "PIV_MPI_cluster.py", line 55, in <module>
    tif_files = [f for f in os.listdir(vidpath) if f.endswith('.tif')]
Traceback (most recent call last):
  File "PIV_MPI_cluster.py", line 55, in <module>
Traceback (most recent call last):
  File "PIV_MPI_cluster.py", line 55, in <module>
OSErrorTraceback (most recent call last):
  File "PIV_MPI_cluster.py", line 55, in <module>
    tif_files = [f for f in os.listdir(vidpath) if f.endswith('.tif')]
    tif_files = [f for f in os.listdir(vidpath) if f.endswith('.tif')]
OSError    tif_files = [f for f in os.listdir(vidpath) if f.endswith('.tif')]
: [Errno 2] No such file or directory: ' '
    tif_files = [f for f in os.listdir(vidpath) if f.endswith('.tif')]
OSError: [Errno 2] No such file or directory: ' '
OSError: [Errno 2] No such file or directory: ' '
OSError: [Errno 2] No such file or directory: ' '
    tif_files = [f for f in os.listdir(vidpath) if f.endswith('.tif')]
OSError: [Errno 2] No such file or directory: ' '
: [Errno 2] No such file or directory: ' '
Traceback (most recent call last):
  File "PIV_MPI_cluster.py", line 55, in <module>
    tif_files = [f for f in os.listdir(vidpath) if f.endswith('.tif')]
OSError: [Errno 2] No such file or directory: ' '
--------------------------------------------------------------------------
mpirun detected that one or more processes exited with non-zero status, thus causing
the job to be terminated. The first process to do so was:

  Process name: [[62749,1],55]
  Exit code:    1
--------------------------------------------------------------------------
